<?xml version="1.0" encoding="UTF-8"?>
<testng-results skipped="0" failed="0" total="3" passed="3">
  <reporter-output>
  </reporter-output>
  <suite name="Default suite" duration-ms="95168" started-at="2021-02-06T11:12:19Z" finished-at="2021-02-06T11:13:55Z">
    <groups>
    </groups>
    <test name="Default test" duration-ms="95168" started-at="2021-02-06T11:12:19Z" finished-at="2021-02-06T11:13:55Z">
      <class name="com.crm.qa.testcases.LoginPageTest">
        <test-method status="PASS" signature="setUp()[pri:0, instance:com.crm.qa.testcases.LoginPageTest@27f674d]" name="setUp" is-config="true" duration-ms="50705" started-at="2021-02-06T16:42:19Z" finished-at="2021-02-06T16:43:10Z">
          <reporter-output>
          </reporter-output>
        </test-method> <!-- setUp -->
        <test-method status="PASS" signature="loginPageTitleTest()[pri:1, instance:com.crm.qa.testcases.LoginPageTest@27f674d]" name="loginPageTitleTest" duration-ms="134" started-at="2021-02-06T16:43:10Z" finished-at="2021-02-06T16:43:10Z">
          <reporter-output>
          </reporter-output>
        </test-method> <!-- loginPageTitleTest -->
        <test-method status="PASS" signature="tearDown()[pri:0, instance:com.crm.qa.testcases.LoginPageTest@27f674d]" name="tearDown" is-config="true" duration-ms="1878" started-at="2021-02-06T16:43:10Z" finished-at="2021-02-06T16:43:12Z">
          <reporter-output>
          </reporter-output>
        </test-method> <!-- tearDown -->
        <test-method status="PASS" signature="setUp()[pri:0, instance:com.crm.qa.testcases.LoginPageTest@27f674d]" name="setUp" is-config="true" duration-ms="14936" started-at="2021-02-06T16:43:12Z" finished-at="2021-02-06T16:43:27Z">
          <reporter-output>
          </reporter-output>
        </test-method> <!-- setUp -->
        <test-method status="PASS" signature="crmLogoImageTest()[pri:2, instance:com.crm.qa.testcases.LoginPageTest@27f674d]" name="crmLogoImageTest" duration-ms="1231" started-at="2021-02-06T16:43:27Z" finished-at="2021-02-06T16:43:28Z">
          <reporter-output>
          </reporter-output>
        </test-method> <!-- crmLogoImageTest -->
        <test-method status="PASS" signature="tearDown()[pri:0, instance:com.crm.qa.testcases.LoginPageTest@27f674d]" name="tearDown" is-config="true" duration-ms="828" started-at="2021-02-06T16:43:28Z" finished-at="2021-02-06T16:43:29Z">
          <reporter-output>
          </reporter-output>
        </test-method> <!-- tearDown -->
        <test-method status="PASS" signature="setUp()[pri:0, instance:com.crm.qa.testcases.LoginPageTest@27f674d]" name="setUp" is-config="true" duration-ms="15077" started-at="2021-02-06T16:43:29Z" finished-at="2021-02-06T16:43:44Z">
          <reporter-output>
          </reporter-output>
        </test-method> <!-- setUp -->
        <test-method status="PASS" signature="loginTest()[pri:3, instance:com.crm.qa.testcases.LoginPageTest@27f674d]" name="loginTest" duration-ms="9327" started-at="2021-02-06T16:43:44Z" finished-at="2021-02-06T16:43:54Z">
          <reporter-output>
          </reporter-output>
        </test-method> <!-- loginTest -->
        <test-method status="PASS" signature="tearDown()[pri:0, instance:com.crm.qa.testcases.LoginPageTest@27f674d]" name="tearDown" is-config="true" duration-ms="1032" started-at="2021-02-06T16:43:54Z" finished-at="2021-02-06T16:43:55Z">
          <reporter-output>
          </reporter-output>
        </test-method> <!-- tearDown -->
      </class> <!-- com.crm.qa.testcases.LoginPageTest -->
    </test> <!-- Default test -->
  </suite> <!-- Default suite -->
</testng-results>
