<?xml version="1.0" encoding="UTF-8"?>
<testng-results skipped="0" failed="0" ignored="0" total="6" passed="6">
  <reporter-output>
  </reporter-output>
  <suite name="Surefire suite" duration-ms="109" started-at="2021-02-06T11:07:30Z" finished-at="2021-02-06T11:07:30Z">
    <groups>
    </groups>
    <test name="Surefire test" duration-ms="109" started-at="2021-02-06T11:07:30Z" finished-at="2021-02-06T11:07:30Z">
      <class name="mavenacademy.Mavenjava.AppiumTest">
        <test-method status="PASS" signature="Android()[pri:0, instance:mavenacademy.Mavenjava.AppiumTest@6574b225]" name="Android" duration-ms="16" started-at="2021-02-06T11:07:30Z" finished-at="2021-02-06T11:07:30Z">
          <reporter-output>
          </reporter-output>
        </test-method> <!-- Android -->
        <test-method status="PASS" signature="Ios()[pri:0, instance:mavenacademy.Mavenjava.AppiumTest@6574b225]" name="Ios" duration-ms="0" started-at="2021-02-06T11:07:30Z" finished-at="2021-02-06T11:07:30Z">
          <reporter-output>
          </reporter-output>
        </test-method> <!-- Ios -->
      </class> <!-- mavenacademy.Mavenjava.AppiumTest -->
      <class name="mavenacademy.Mavenjava.SeleniumTest">
        <test-method status="PASS" signature="BrowseAutomation()[pri:0, instance:mavenacademy.Mavenjava.SeleniumTest@2344fc66]" name="BrowseAutomation" duration-ms="0" started-at="2021-02-06T11:07:30Z" finished-at="2021-02-06T11:07:30Z">
          <reporter-output>
          </reporter-output>
        </test-method> <!-- BrowseAutomation -->
        <test-method status="PASS" signature="BrowserTest()[pri:0, instance:mavenacademy.Mavenjava.SeleniumTest@2344fc66]" name="BrowserTest" duration-ms="0" started-at="2021-02-06T11:07:30Z" finished-at="2021-02-06T11:07:30Z">
          <reporter-output>
          </reporter-output>
        </test-method> <!-- BrowserTest -->
      </class> <!-- mavenacademy.Mavenjava.SeleniumTest -->
      <class name="mavenacademy.Mavenjava.RestApiTest">
        <test-method status="PASS" signature="RestApitest()[pri:0, instance:mavenacademy.Mavenjava.RestApiTest@2669b199]" name="RestApitest" duration-ms="0" started-at="2021-02-06T11:07:30Z" finished-at="2021-02-06T11:07:30Z">
          <reporter-output>
          </reporter-output>
        </test-method> <!-- RestApitest -->
        <test-method status="PASS" signature="PostApi()[pri:0, instance:mavenacademy.Mavenjava.RestApiTest@2669b199]" name="PostApi" duration-ms="0" started-at="2021-02-06T11:07:30Z" finished-at="2021-02-06T11:07:30Z">
          <reporter-output>
          </reporter-output>
        </test-method> <!-- PostApi -->
      </class> <!-- mavenacademy.Mavenjava.RestApiTest -->
    </test> <!-- Surefire test -->
  </suite> <!-- Surefire suite -->
</testng-results>
