<?xml version="1.0" encoding="UTF-8"?>
<testng-results skipped="0" failed="0" ignored="0" total="1" passed="1">
  <reporter-output>
  </reporter-output>
  <suite name="Default suite" duration-ms="31294" started-at="2020-12-24T22:44:46 IST" finished-at="2020-12-24T22:45:18 IST">
    <groups>
    </groups>
    <test name="Default test" duration-ms="31294" started-at="2020-12-24T22:44:46 IST" finished-at="2020-12-24T22:45:18 IST">
      <class name="TestCases.LoginApplication">
        <test-method status="PASS" signature="login()[pri:0, instance:TestCases.LoginApplication@5a8e6209]" name="login" duration-ms="31224" started-at="2020-12-24T22:44:46 IST" finished-at="2020-12-24T22:45:18 IST">
          <reporter-output>
          </reporter-output>
        </test-method> <!-- login -->
      </class> <!-- TestCases.LoginApplication -->
    </test> <!-- Default test -->
  </suite> <!-- Default suite -->
</testng-results>
