<?xml version="1.0" encoding="UTF-8"?>
<!-- Generated by org.testng.reporters.JUnitXMLReporter -->
<testsuite hostname="LAPTOP-P7F9PELU" ignored="0" name="Free CRM App Test" tests="7" failures="0" timestamp="2021-02-06T16:51:13 IST" time="223.389" errors="0">
  <testcase name="loginPageTitleTest" time="0.048" classname="com.crm.qa.testcases.LoginPageTest"/>
  <testcase name="crmLogoImageTest" time="0.349" classname="com.crm.qa.testcases.LoginPageTest"/>
  <testcase name="loginTest" time="11.292" classname="com.crm.qa.testcases.LoginPageTest"/>
  <testcase name="validateCreateNewContact" time="14.55" classname="com.crm.qa.testcases.ContactsPageTest"/>
  <testcase name="verifyHomePageTitle" time="0.012" classname="com.crm.qa.testcases.HomePageTest"/>
  <testcase name="verifyUserNameTest" time="0.1" classname="com.crm.qa.testcases.HomePageTest"/>
  <testcase name="verifyContactsLinkTest" time="3.77" classname="com.crm.qa.testcases.HomePageTest"/>
</testsuite> <!-- Free CRM App Test -->
