<?xml version="1.0" encoding="UTF-8"?>
<testng-results skipped="0" failed="0" ignored="0" total="7" passed="7">
  <reporter-output>
  </reporter-output>
  <suite name="Free CRM App test automation suite" duration-ms="223389" started-at="2021-02-06T16:47:29 IST" finished-at="2021-02-06T16:51:13 IST">
    <groups>
    </groups>
    <test name="Free CRM App Test" duration-ms="223389" started-at="2021-02-06T16:47:29 IST" finished-at="2021-02-06T16:51:13 IST">
      <class name="com.crm.qa.testcases.HomePageTest">
        <test-method status="PASS" signature="setUp()[pri:0, instance:com.crm.qa.testcases.HomePageTest@5700d6b1]" name="setUp" is-config="true" duration-ms="23795" started-at="2021-02-06T16:49:55 IST" finished-at="2021-02-06T16:50:19 IST">
          <reporter-output>
          </reporter-output>
        </test-method> <!-- setUp -->
        <test-method status="PASS" signature="verifyHomePageTitle()[pri:1, instance:com.crm.qa.testcases.HomePageTest@5700d6b1]" name="verifyHomePageTitle" duration-ms="12" started-at="2021-02-06T16:50:19 IST" finished-at="2021-02-06T16:50:19 IST">
          <reporter-output>
          </reporter-output>
        </test-method> <!-- verifyHomePageTitle -->
        <test-method status="PASS" signature="tearDown()[pri:0, instance:com.crm.qa.testcases.HomePageTest@5700d6b1]" name="tearDown" is-config="true" duration-ms="1020" started-at="2021-02-06T16:50:19 IST" finished-at="2021-02-06T16:50:20 IST">
          <reporter-output>
          </reporter-output>
        </test-method> <!-- tearDown -->
        <test-method status="PASS" signature="setUp()[pri:0, instance:com.crm.qa.testcases.HomePageTest@5700d6b1]" name="setUp" is-config="true" duration-ms="22238" started-at="2021-02-06T16:50:20 IST" finished-at="2021-02-06T16:50:42 IST">
          <reporter-output>
          </reporter-output>
        </test-method> <!-- setUp -->
        <test-method status="PASS" signature="verifyUserNameTest()[pri:2, instance:com.crm.qa.testcases.HomePageTest@5700d6b1]" name="verifyUserNameTest" duration-ms="100" started-at="2021-02-06T16:50:42 IST" finished-at="2021-02-06T16:50:42 IST">
          <reporter-output>
          </reporter-output>
        </test-method> <!-- verifyUserNameTest -->
        <test-method status="PASS" signature="tearDown()[pri:0, instance:com.crm.qa.testcases.HomePageTest@5700d6b1]" name="tearDown" is-config="true" duration-ms="1170" started-at="2021-02-06T16:50:42 IST" finished-at="2021-02-06T16:50:43 IST">
          <reporter-output>
          </reporter-output>
        </test-method> <!-- tearDown -->
        <test-method status="PASS" signature="setUp()[pri:0, instance:com.crm.qa.testcases.HomePageTest@5700d6b1]" name="setUp" is-config="true" duration-ms="24665" started-at="2021-02-06T16:50:43 IST" finished-at="2021-02-06T16:51:08 IST">
          <reporter-output>
          </reporter-output>
        </test-method> <!-- setUp -->
        <test-method status="PASS" signature="verifyContactsLinkTest()[pri:3, instance:com.crm.qa.testcases.HomePageTest@5700d6b1]" name="verifyContactsLinkTest" duration-ms="3770" started-at="2021-02-06T16:51:08 IST" finished-at="2021-02-06T16:51:12 IST">
          <reporter-output>
          </reporter-output>
        </test-method> <!-- verifyContactsLinkTest -->
        <test-method status="PASS" signature="tearDown()[pri:0, instance:com.crm.qa.testcases.HomePageTest@5700d6b1]" name="tearDown" is-config="true" duration-ms="999" started-at="2021-02-06T16:51:12 IST" finished-at="2021-02-06T16:51:13 IST">
          <reporter-output>
          </reporter-output>
        </test-method> <!-- tearDown -->
      </class> <!-- com.crm.qa.testcases.HomePageTest -->
      <class name="com.crm.qa.testcases.ContactsPageTest">
        <test-method status="PASS" signature="setUp()[pri:0, instance:com.crm.qa.testcases.ContactsPageTest@1ce92674]" name="setUp" is-config="true" duration-ms="25471" started-at="2021-02-06T16:49:14 IST" finished-at="2021-02-06T16:49:39 IST">
          <reporter-output>
          </reporter-output>
        </test-method> <!-- setUp -->
        <test-method status="PASS" signature="validateCreateNewContact()[pri:0, instance:com.crm.qa.testcases.ContactsPageTest@1ce92674]" name="validateCreateNewContact" duration-ms="14550" started-at="2021-02-06T16:49:39 IST" finished-at="2021-02-06T16:49:54 IST">
          <reporter-output>
          </reporter-output>
        </test-method> <!-- validateCreateNewContact -->
        <test-method status="PASS" signature="tearDown()[pri:0, instance:com.crm.qa.testcases.ContactsPageTest@1ce92674]" name="tearDown" is-config="true" duration-ms="1270" started-at="2021-02-06T16:49:54 IST" finished-at="2021-02-06T16:49:55 IST">
          <reporter-output>
          </reporter-output>
        </test-method> <!-- tearDown -->
      </class> <!-- com.crm.qa.testcases.ContactsPageTest -->
      <class name="com.crm.qa.testcases.LoginPageTest">
        <test-method status="PASS" signature="setUp()[pri:0, instance:com.crm.qa.testcases.LoginPageTest@7085bdee]" name="setUp" is-config="true" duration-ms="46056" started-at="2021-02-06T16:47:29 IST" finished-at="2021-02-06T16:48:15 IST">
          <reporter-output>
          </reporter-output>
        </test-method> <!-- setUp -->
        <test-method status="PASS" signature="loginPageTitleTest()[pri:1, instance:com.crm.qa.testcases.LoginPageTest@7085bdee]" name="loginPageTitleTest" duration-ms="48" started-at="2021-02-06T16:48:15 IST" finished-at="2021-02-06T16:48:15 IST">
          <reporter-output>
          </reporter-output>
        </test-method> <!-- loginPageTitleTest -->
        <test-method status="PASS" signature="tearDown()[pri:0, instance:com.crm.qa.testcases.LoginPageTest@7085bdee]" name="tearDown" is-config="true" duration-ms="1838" started-at="2021-02-06T16:48:15 IST" finished-at="2021-02-06T16:48:17 IST">
          <reporter-output>
          </reporter-output>
        </test-method> <!-- tearDown -->
        <test-method status="PASS" signature="setUp()[pri:0, instance:com.crm.qa.testcases.LoginPageTest@7085bdee]" name="setUp" is-config="true" duration-ms="24291" started-at="2021-02-06T16:48:17 IST" finished-at="2021-02-06T16:48:42 IST">
          <reporter-output>
          </reporter-output>
        </test-method> <!-- setUp -->
        <test-method status="PASS" signature="crmLogoImageTest()[pri:2, instance:com.crm.qa.testcases.LoginPageTest@7085bdee]" name="crmLogoImageTest" duration-ms="349" started-at="2021-02-06T16:48:42 IST" finished-at="2021-02-06T16:48:42 IST">
          <reporter-output>
          </reporter-output>
        </test-method> <!-- crmLogoImageTest -->
        <test-method status="PASS" signature="tearDown()[pri:0, instance:com.crm.qa.testcases.LoginPageTest@7085bdee]" name="tearDown" is-config="true" duration-ms="738" started-at="2021-02-06T16:48:42 IST" finished-at="2021-02-06T16:48:43 IST">
          <reporter-output>
          </reporter-output>
        </test-method> <!-- tearDown -->
        <test-method status="PASS" signature="setUp()[pri:0, instance:com.crm.qa.testcases.LoginPageTest@7085bdee]" name="setUp" is-config="true" duration-ms="18445" started-at="2021-02-06T16:48:43 IST" finished-at="2021-02-06T16:49:01 IST">
          <reporter-output>
          </reporter-output>
        </test-method> <!-- setUp -->
        <test-method status="PASS" signature="loginTest()[pri:3, instance:com.crm.qa.testcases.LoginPageTest@7085bdee]" name="loginTest" duration-ms="11292" started-at="2021-02-06T16:49:01 IST" finished-at="2021-02-06T16:49:12 IST">
          <reporter-output>
          </reporter-output>
        </test-method> <!-- loginTest -->
        <test-method status="PASS" signature="tearDown()[pri:0, instance:com.crm.qa.testcases.LoginPageTest@7085bdee]" name="tearDown" is-config="true" duration-ms="1195" started-at="2021-02-06T16:49:12 IST" finished-at="2021-02-06T16:49:14 IST">
          <reporter-output>
          </reporter-output>
        </test-method> <!-- tearDown -->
      </class> <!-- com.crm.qa.testcases.LoginPageTest -->
    </test> <!-- Free CRM App Test -->
  </suite> <!-- Free CRM App test automation suite -->
</testng-results>
