<?xml version="1.0" encoding="UTF-8"?>
<!-- Generated by org.testng.reporters.JUnitXMLReporter -->
<testsuite hostname="LAPTOP-P7F9PELU" name="Free CRM App Test" tests="8" failures="0" timestamp="30 Jan 2021 18:16:00 GMT" time="255.6" errors="0">
  <testcase name="loginPageTitleTest" time="0.059" classname="com.crm.qa.testcases.LoginPageTest"/>
  <testcase name="crmLogoImageTest" time="0.33" classname="com.crm.qa.testcases.LoginPageTest"/>
  <testcase name="loginTest" time="16.532" classname="com.crm.qa.testcases.LoginPageTest"/>
  <testcase name="verifyContactsPageLabel" time="0.047" classname="com.crm.qa.testcases.ContactsPageTest"/>
  <testcase name="selectSingleContactsTest" time="6.772" classname="com.crm.qa.testcases.ContactsPageTest"/>
  <testcase name="verifyHomePageTitle" time="0.013" classname="com.crm.qa.testcases.HomePageTest"/>
  <testcase name="verifyUserNameTest" time="0.088" classname="com.crm.qa.testcases.HomePageTest"/>
  <testcase name="verifyContactsLinkTest" time="4.578" classname="com.crm.qa.testcases.HomePageTest"/>
</testsuite> <!-- Free CRM App Test -->
