<?xml version="1.0" encoding="UTF-8"?>
<!-- Generated by org.testng.reporters.JUnitXMLReporter -->
<testsuite hostname="LAPTOP-P7F9PELU" ignored="0" name="Command line test" tests="6" failures="0" timestamp="06 Feb 2021 11:09:45 GMT" time="0.048" errors="0">
  <testcase name="Android" time="0.0" classname="mavenacademy.mavenproject.AppiumTest"/>
  <testcase name="Ios" time="0.0" classname="mavenacademy.mavenproject.AppiumTest"/>
  <testcase name="PostApi" time="0.0" classname="mavenacademy.mavenproject.RestApiTest"/>
  <testcase name="RestApitest" time="0.0" classname="mavenacademy.mavenproject.RestApiTest"/>
  <testcase name="BrowseAutomation" time="0.0" classname="mavenacademy.mavenproject.SeleniumTest"/>
  <testcase name="BrowserTest" time="0.0" classname="mavenacademy.mavenproject.SeleniumTest"/>
</testsuite> <!-- Command line test -->
