<?xml version="1.0" encoding="UTF-8"?>
<testng-results ignored="0" total="1" passed="1" failed="0" skipped="0">
  <reporter-output>
  </reporter-output>
  <suite started-at="2020-12-21T22:54:06 IST" name="Default suite" finished-at="2020-12-21T22:54:29 IST" duration-ms="23509">
    <groups>
    </groups>
    <test started-at="2020-12-21T22:54:06 IST" name="Default test" finished-at="2020-12-21T22:54:29 IST" duration-ms="23509">
      <class name="mavenacademy.ExtreamReports.ExtentReportsDemo">
        <test-method is-config="true" signature="config()[pri:0, instance:mavenacademy.ExtreamReports.ExtentReportsDemo@419c5f1a]" started-at="2020-12-21T22:54:06 IST" name="config" finished-at="2020-12-21T22:54:06 IST" duration-ms="528" status="PASS">
          <reporter-output>
          </reporter-output>
        </test-method> <!-- config -->
        <test-method signature="initialDemo()[pri:0, instance:mavenacademy.ExtreamReports.ExtentReportsDemo@419c5f1a]" started-at="2020-12-21T22:54:07 IST" name="initialDemo" finished-at="2020-12-21T22:54:29 IST" duration-ms="22906" status="PASS">
          <reporter-output>
          </reporter-output>
        </test-method> <!-- initialDemo -->
      </class> <!-- mavenacademy.ExtreamReports.ExtentReportsDemo -->
    </test> <!-- Default test -->
  </suite> <!-- Default suite -->
</testng-results>
