<?xml version="1.0" encoding="UTF-8"?>
<!-- Generated by org.testng.reporters.JUnitXMLReporter -->
<testsuite hostname="LAPTOP-P7F9PELU" ignored="0" name="Surefire test" tests="6" failures="0" timestamp="06 Feb 2021 11:07:30 GMT" time="0.109" errors="0">
  <testcase name="Android" time="0.016" classname="mavenacademy.Mavenjava.AppiumTest"/>
  <testcase name="Ios" time="0.0" classname="mavenacademy.Mavenjava.AppiumTest"/>
  <testcase name="PostApi" time="0.0" classname="mavenacademy.Mavenjava.RestApiTest"/>
  <testcase name="RestApitest" time="0.0" classname="mavenacademy.Mavenjava.RestApiTest"/>
  <testcase name="BrowseAutomation" time="0.0" classname="mavenacademy.Mavenjava.SeleniumTest"/>
  <testcase name="BrowserTest" time="0.0" classname="mavenacademy.Mavenjava.SeleniumTest"/>
</testsuite> <!-- Surefire test -->
