<?xml version="1.0" encoding="UTF-8"?>
<testng-results skipped="0" failed="0" ignored="0" total="6" passed="6">
  <reporter-output>
  </reporter-output>
  <suite name="Command line suite" duration-ms="48" started-at="2021-02-06T11:09:45Z" finished-at="2021-02-06T11:09:45Z">
    <groups>
    </groups>
    <test name="Command line test" duration-ms="48" started-at="2021-02-06T11:09:45Z" finished-at="2021-02-06T11:09:45Z">
      <class name="mavenacademy.mavenproject.AppiumTest">
        <test-method status="PASS" signature="Android()[pri:0, instance:mavenacademy.mavenproject.AppiumTest@3dd3bcd]" name="Android" duration-ms="0" started-at="2021-02-06T11:09:45Z" finished-at="2021-02-06T11:09:45Z">
          <reporter-output>
          </reporter-output>
        </test-method> <!-- Android -->
        <test-method status="PASS" signature="Ios()[pri:0, instance:mavenacademy.mavenproject.AppiumTest@3dd3bcd]" name="Ios" duration-ms="0" started-at="2021-02-06T11:09:45Z" finished-at="2021-02-06T11:09:45Z">
          <reporter-output>
          </reporter-output>
        </test-method> <!-- Ios -->
      </class> <!-- mavenacademy.mavenproject.AppiumTest -->
      <class name="mavenacademy.mavenproject.SeleniumTest">
        <test-method status="PASS" signature="BrowseAutomation()[pri:0, instance:mavenacademy.mavenproject.SeleniumTest@26f67b76]" name="BrowseAutomation" duration-ms="0" started-at="2021-02-06T11:09:45Z" finished-at="2021-02-06T11:09:45Z">
          <reporter-output>
          </reporter-output>
        </test-method> <!-- BrowseAutomation -->
        <test-method status="PASS" signature="BrowserTest()[pri:0, instance:mavenacademy.mavenproject.SeleniumTest@26f67b76]" name="BrowserTest" duration-ms="0" started-at="2021-02-06T11:09:45Z" finished-at="2021-02-06T11:09:45Z">
          <reporter-output>
          </reporter-output>
        </test-method> <!-- BrowserTest -->
      </class> <!-- mavenacademy.mavenproject.SeleniumTest -->
      <class name="mavenacademy.mavenproject.RestApiTest">
        <test-method status="PASS" signature="PostApi()[pri:0, instance:mavenacademy.mavenproject.RestApiTest@97e1986]" name="PostApi" duration-ms="0" started-at="2021-02-06T11:09:45Z" finished-at="2021-02-06T11:09:45Z">
          <reporter-output>
          </reporter-output>
        </test-method> <!-- PostApi -->
        <test-method status="PASS" signature="RestApitest()[pri:0, instance:mavenacademy.mavenproject.RestApiTest@97e1986]" name="RestApitest" duration-ms="0" started-at="2021-02-06T11:09:45Z" finished-at="2021-02-06T11:09:45Z">
          <reporter-output>
          </reporter-output>
        </test-method> <!-- RestApitest -->
      </class> <!-- mavenacademy.mavenproject.RestApiTest -->
    </test> <!-- Command line test -->
  </suite> <!-- Command line suite -->
</testng-results>
