<?xml version="1.0" encoding="UTF-8"?>
<!-- Generated by org.testng.reporters.JUnitXMLReporter -->
<testsuite ignored="4" hostname="ELPBLR-072" failures="0" tests="3" name="Regression" time="0.136" errors="0" timestamp="2020-12-09T16:59:46 IST">
  <testcase classname="test.day2" name="ploan" time="0.026"/>
  <testcase classname="test.day1" name="SeconTest" time="0.004"/>
  <testcase classname="test.day4" name="ADlogin2" time="0.005"/>
  <testcase classname="test.day3" name="login" time="0.0">
    <ignored/>
  </testcase> <!-- login -->
  <testcase classname="test.day3" name="ADlogin" time="0.0">
    <ignored/>
  </testcase> <!-- ADlogin -->
  <testcase classname="test.day1" name="Demo" time="0.0">
    <ignored/>
  </testcase> <!-- Demo -->
  <testcase classname="test.day3" name="SSOlogin" time="0.0">
    <ignored/>
  </testcase> <!-- SSOlogin -->
</testsuite> <!-- Regression -->
