<?xml version="1.0" encoding="UTF-8"?>
<!-- Generated by org.testng.reporters.JUnitXMLReporter -->
<testsuite ignored="1" hostname="ELPBLR-072" failures="0" tests="10" name="Test" time="0.207" errors="0" timestamp="2020-12-09T19:31:04 IST">
  <testcase classname="test.day2" name="ploan" time="0.012"/>
  <testcase classname="test.day1" name="Demo" time="0.004"/>
  <testcase classname="test.day1" name="SeconTest" time="0.003"/>
  <testcase classname="test.day1" name="mydata" time="0.005"/>
  <testcase classname="test.day1" name="mydata" time="0.012"/>
  <testcase classname="test.day1" name="mydata" time="0.002"/>
  <testcase classname="test.day1" name="waitfor" time="0.027"/>
  <testcase classname="test.day1" name="printurl" time="0.001"/>
  <testcase classname="test.day1" name="Ademo" time="0.003"/>
  <testcase classname="test.day4" name="ADlogin2" time="0.002"/>
  <testcase classname="test.day1" name="webpage" time="0.0">
    <ignored/>
  </testcase> <!-- webpage -->
</testsuite> <!-- Test -->
