<?xml version="1.0" encoding="UTF-8"?>
<!-- Generated by org.testng.reporters.JUnitXMLReporter -->
<testsuite ignored="2" hostname="ELPBLR-072" failures="0" tests="1" name="Test1" time="0.017" errors="0" timestamp="2020-12-09T19:31:04 IST">
  <testcase classname="test.day3" name="ADlogin" time="0.002"/>
  <testcase classname="test.day3" name="login" time="0.0">
    <ignored/>
  </testcase> <!-- login -->
  <testcase classname="test.day3" name="SSOlogin" time="0.0">
    <ignored/>
  </testcase> <!-- SSOlogin -->
</testsuite> <!-- Test1 -->
