<?xml version="1.0" encoding="UTF-8"?>
<!-- Generated by org.testng.reporters.JUnitXMLReporter -->
<testsuite hostname="LAPTOP-P7F9PELU" name="Default test" tests="3" failures="0" timestamp="6 Feb 2021 11:13:55 GMT" time="95.168" errors="0">
  <testcase name="loginPageTitleTest" time="0.134" classname="com.crm.qa.testcases.LoginPageTest"/>
  <testcase name="crmLogoImageTest" time="1.231" classname="com.crm.qa.testcases.LoginPageTest"/>
  <testcase name="loginTest" time="9.327" classname="com.crm.qa.testcases.LoginPageTest"/>
</testsuite> <!-- Default test -->
